Linux 3.2.0-24-generic (tornado) 	04/05/12 	_x86_64_	(8 CPU)

avg-cpu:  %user   %nice %system %iowait  %steal   %idle
          11,68    0,94    1,90    0,62    0,00   84,86

Device:         rrqm/s   wrqm/s     r/s     w/s    rMB/s    wMB/s avgrq-sz avgqu-sz   await r_await w_await  svctm  %util
sda               0,02    10,14    4,33  256,27     0,80     8,51    73,14     6,50   24,93    5,29   25,27   0,22   5,71

avg-cpu:  %user   %nice %system %iowait  %steal   %idle
          33,10    0,00    7,88    0,08    0,00   58,95

Device:         rrqm/s   wrqm/s     r/s     w/s    rMB/s    wMB/s avgrq-sz avgqu-sz   await r_await w_await  svctm  %util
sda               0,00     0,80    0,00    2,40     0,00     0,01    12,67     0,00    0,00    0,00    0,00   0,00   0,00

Linux 3.2.0-24-generic (tornado) 	04/05/12 	_x86_64_	(8 CPU)

avg-cpu:  %user   %nice %system %iowait  %steal   %idle
          11,69    0,94    1,90    0,62    0,00   84,86

Device:         rrqm/s   wrqm/s     r/s     w/s    rMB/s    wMB/s avgrq-sz avgqu-sz   await r_await w_await  svctm  %util
sda               0,02    10,14    4,33  256,50     0,80     8,51    73,11     6,50   24,93    5,29   25,26   0,22   5,71
sdb               0,01     0,09    0,25   23,26     0,03     5,26   460,42     0,43   18,28    0,79   18,47   0,44   1,03

avg-cpu:  %user   %nice %system %iowait  %steal   %idle
          32,65    0,00    7,76    8,04    0,00   51,55

Device:         rrqm/s   wrqm/s     r/s     w/s    rMB/s    wMB/s avgrq-sz avgqu-sz   await r_await w_await  svctm  %util
sda               0,00     0,20    0,00 3584,20     0,00    60,56    34,61   105,60   29,06    0,00   29,06   0,21  73,84
sdb               0,00     0,00    0,00  182,00     0,00    49,37   555,52     9,58   49,64    0,00   49,64   1,70  30,88

avg-cpu:  %user   %nice %system %iowait  %steal   %idle
          32,07    0,00    8,11    6,19    0,00   53,63

Device:         rrqm/s   wrqm/s     r/s     w/s    rMB/s    wMB/s avgrq-sz avgqu-sz   await r_await w_await  svctm  %util
sda               0,00     0,00    0,00 1879,80     0,00    47,86    52,14    85,00   45,99    0,00   45,99   0,32  59,36
sdb               0,00     0,00    0,00  172,00     0,00    46,63   555,26     7,45   46,49    0,00   46,49   1,54  26,48

avg-cpu:  %user   %nice %system %iowait  %steal   %idle
          31,59    0,00    8,36    2,58    0,00   57,47

Device:         rrqm/s   wrqm/s     r/s     w/s    rMB/s    wMB/s avgrq-sz avgqu-sz   await r_await w_await  svctm  %util
sda               0,00     1,00    0,00 2728,80     0,00    64,06    48,08    42,40   15,54    0,00   15,54   0,11  30,00
sdb               0,00     0,00    0,00  165,20     0,00    44,80   555,39     3,01   18,22    0,00   18,22   0,62  10,16

avg-cpu:  %user   %nice %system %iowait  %steal   %idle
          33,72    0,00    7,67    0,03    0,00   58,59

Device:         rrqm/s   wrqm/s     r/s     w/s    rMB/s    wMB/s avgrq-sz avgqu-sz   await r_await w_await  svctm  %util
sda               0,00     0,00    0,00  812,20     0,00    14,64    36,91     1,31    1,61    0,00    1,61   0,02   1,28
sdb               0,00     0,00    0,00  177,00     0,00    48,00   555,39     0,39    2,21    0,00    2,21   0,08   1,36

avg-cpu:  %user   %nice %system %iowait  %steal   %idle
          32,22    0,00    8,24    1,04    0,00   58,50

Device:         rrqm/s   wrqm/s     r/s     w/s    rMB/s    wMB/s avgrq-sz avgqu-sz   await r_await w_await  svctm  %util
sda               0,00     0,00    0,00 1549,00     0,00    30,54    40,38    14,76    9,33    0,00    9,33   0,07  10,56
sdb               0,00     0,00    0,00  165,20     0,00    44,80   555,39     1,44    8,76    0,00    8,76   0,29   4,72

avg-cpu:  %user   %nice %system %iowait  %steal   %idle
          32,44    0,00    8,51    8,10    0,00   50,96

Device:         rrqm/s   wrqm/s     r/s     w/s    rMB/s    wMB/s avgrq-sz avgqu-sz   await r_await w_await  svctm  %util
sda               0,00     0,00    0,00 4343,80     0,00    91,64    43,20   143,48   32,99    0,00   32,99   0,23 100,00
sdb               0,00     3,80    0,00  157,00     0,00    41,64   543,22     9,75   62,07    0,00   62,07   2,11  33,20

avg-cpu:  %user   %nice %system %iowait  %steal   %idle
          32,02    0,00    8,41    9,08    0,00   50,48

Device:         rrqm/s   wrqm/s     r/s     w/s    rMB/s    wMB/s avgrq-sz avgqu-sz   await r_await w_await  svctm  %util
sda               0,00     0,00    0,00 4249,80     0,00    92,68    44,66   143,33   33,52    0,00   33,52   0,24 100,00
sdb               0,00     0,00    0,00  134,60     0,00    36,51   555,55     9,07   64,46    0,00   64,46   2,18  29,36

avg-cpu:  %user   %nice %system %iowait  %steal   %idle
          30,65    0,00    8,66    9,04    0,00   51,65

Device:         rrqm/s   wrqm/s     r/s     w/s    rMB/s    wMB/s avgrq-sz avgqu-sz   await r_await w_await  svctm  %util
sda               0,00     0,00    0,00 4565,60     0,00   112,56    50,49   143,02   31,58    0,00   31,58   0,22 100,00
sdb               0,00     0,00    0,00  136,80     0,00    37,09   555,23     8,10   62,12    0,00   62,12   2,04  27,84

avg-cpu:  %user   %nice %system %iowait  %steal   %idle
          33,09    0,00    8,22    0,78    0,00   57,91

Device:         rrqm/s   wrqm/s     r/s     w/s    rMB/s    wMB/s avgrq-sz avgqu-sz   await r_await w_await  svctm  %util
sda               0,00     0,00    0,00  302,40     0,00    10,32    69,89    10,66   36,06    0,00   36,06   0,26   7,84
sdb               0,00     0,00    0,00  141,60     0,00    38,40   555,39     1,18    8,32    0,00    8,32   0,31   4,32

avg-cpu:  %user   %nice %system %iowait  %steal   %idle
          33,10    0,00    7,76    0,00    0,00   59,14

Device:         rrqm/s   wrqm/s     r/s     w/s    rMB/s    wMB/s avgrq-sz avgqu-sz   await r_await w_await  svctm  %util
sda               0,00     0,60    0,00    1,20     0,00     0,01    12,00     0,00    0,00    0,00    0,00   0,00   0,00
sdb               0,00     0,00    0,00  129,80     0,00    35,20   555,39     0,40    3,09    0,00    3,09   0,12   1,60

avg-cpu:  %user   %nice %system %iowait  %steal   %idle
          32,99    0,00    7,76    0,00    0,00   59,25

Device:         rrqm/s   wrqm/s     r/s     w/s    rMB/s    wMB/s avgrq-sz avgqu-sz   await r_await w_await  svctm  %util
sda               0,00     0,00    0,00   53,60     0,00     0,44    16,90     0,07    1,22    0,00    1,22   0,01   0,08
sdb               0,00     0,00    0,00  129,80     0,00    35,20   555,39     0,37    2,85    0,00    2,85   0,12   1,52

avg-cpu:  %user   %nice %system %iowait  %steal   %idle
          33,11    0,00    8,07    0,00    0,00   58,83

Device:         rrqm/s   wrqm/s     r/s     w/s    rMB/s    wMB/s avgrq-sz avgqu-sz   await r_await w_await  svctm  %util
sda               0,00     0,20    0,00   12,60     0,00     3,05   494,98     0,02    1,21    0,00    1,21   0,06   0,08
sdb               0,00     5,60    0,00  121,20     0,00    32,06   541,73     0,32    2,61    0,00    2,61   0,12   1,44

avg-cpu:  %user   %nice %system %iowait  %steal   %idle
          32,21    0,00    8,24    0,15    0,00   59,39

Device:         rrqm/s   wrqm/s     r/s     w/s    rMB/s    wMB/s avgrq-sz avgqu-sz   await r_await w_await  svctm  %util
sda               0,00     0,00    0,00  985,40     0,00     9,24    19,21     3,16    3,21    0,00    3,21   0,03   2,64
sdb               0,00     0,00    0,00  129,80     0,00    35,20   555,39     0,35    2,73    0,00    2,73   0,12   1,60

avg-cpu:  %user   %nice %system %iowait  %steal   %idle
          32,19    0,00    7,74    0,79    0,00   59,28

Device:         rrqm/s   wrqm/s     r/s     w/s    rMB/s    wMB/s avgrq-sz avgqu-sz   await r_await w_await  svctm  %util
sda               0,00     0,00    0,00 1117,60     0,00    10,21    18,71    10,76    9,63    0,00    9,63   0,07   7,84
sdb               0,00     0,00    0,00  106,20     0,00    28,80   555,39     0,30    2,81    0,00    2,81   0,13   1,36

avg-cpu:  %user   %nice %system %iowait  %steal   %idle
          31,81    0,00    8,09    0,00    0,00   60,10

Device:         rrqm/s   wrqm/s     r/s     w/s    rMB/s    wMB/s avgrq-sz avgqu-sz   await r_await w_await  svctm  %util
sda               0,00     0,00    0,00  887,20     0,00    30,47    70,34     0,63    0,72    0,00    0,72   0,01   1,12
sdb               0,00     0,00    0,00  165,20     0,00    44,80   555,39     0,41    2,48    0,00    2,48   0,12   1,92

avg-cpu:  %user   %nice %system %iowait  %steal   %idle
          33,15    0,00    7,53    0,00    0,00   59,32

Device:         rrqm/s   wrqm/s     r/s     w/s    rMB/s    wMB/s avgrq-sz avgqu-sz   await r_await w_await  svctm  %util
sda               0,00     0,80    0,00    3,00     0,00     0,02    11,53     0,00    0,00    0,00    0,00   0,00   0,00
sdb               0,00     0,00    0,00  212,40     0,00    57,60   555,39     0,67    3,14    0,00    3,14   0,12   2,64

